<!DOCTYPE html PUBLIC "-//W3C//DTD XHTML 1.1//EN" "http://www.w3.org/TR/xhtml11/DTD/xhtml11.dtd">
<html xmlns="http://www.w3.org/1999/xhtml"><head><title>TestNG Report</title><style type="text/css">table {margin-bottom:10px;border-collapse:collapse;empty-cells:show}th,td {border:1px solid #009;padding:.25em .5em}th {vertical-align:bottom}td {vertical-align:top}table a {font-weight:bold}.stripe td {background-color: #E6EBF9}.num {text-align:right}.passedodd td {background-color: #3F3}.passedeven td {background-color: #0A0}.skippedodd td {background-color: #DDD}.skippedeven td {background-color: #CCC}.failedodd td,.attn {background-color: #F33}.failedeven td,.stripe .attn {background-color: #D00}.stacktrace {white-space:pre;font-family:monospace}.totop {font-size:85%;text-align:center;border-bottom:2px solid #000}</style></head><body><table><tr><th>Test</th><th># Passed</th><th># Skipped</th><th># Failed</th><th>Time (ms)</th><th>Included Groups</th><th>Excluded Groups</th></tr><tr><th colspan="7">Surefire suite</th></tr><tr><td><a href="#t0">Surefire test</a></td><td class="num">9</td><td class="num">0</td><td class="num attn">2</td><td class="num">279,546</td><td></td><td></td></tr></table><table><thead><tr><th>Class</th><th>Method</th><th>Start</th><th>Time (ms)</th></tr></thead><tbody><tr><th colspan="4">Surefire suite</th></tr></tbody><tbody id="t0"><tr><th colspan="4">Surefire test &#8212; failed</th></tr><tr class="failedeven"><td rowspan="2">myle.testcases.ProductTest</td><td><a href="#m0">testProductAllandProductDetail</a></td><td rowspan="1">1761937813165</td><td rowspan="1">6107</td></tr><tr class="failedeven"><td><a href="#m1">testSearchProduct</a></td><td rowspan="1">1761937828092</td><td rowspan="1">6761</td></tr><tr><th colspan="4">Surefire test &#8212; passed</th></tr><tr class="passedeven"><td rowspan="1">myle.testcases.CartTest</td><td><a href="#m2">testAddProductInCart</a></td><td rowspan="1">1761937673489</td><td rowspan="1">89205</td></tr><tr class="passedodd"><td rowspan="2">myle.testcases.ContactUsTest</td><td><a href="#m3">testContactUsForm</a></td><td rowspan="1">1761937771266</td><td rowspan="1">6858</td></tr><tr class="passedodd"><td><a href="#m4">testTestCasePage</a></td><td rowspan="1">1761937787567</td><td rowspan="1">1411</td></tr><tr class="passedeven"><td rowspan="1">myle.testcases.HomeTest</td><td><a href="#m5">verifySubscription</a></td><td rowspan="1">1761937798749</td><td rowspan="1">2319</td></tr><tr class="passedodd"><td rowspan="5">myle.testcases.SignUpTest</td><td><a href="#m6">testLogOutUser</a></td><td rowspan="1">1761937918765</td><td rowspan="1">8463</td></tr><tr class="passedodd"><td><a href="#m7">testLoginFail</a></td><td rowspan="1">1761937905845</td><td rowspan="1">3131</td></tr><tr class="passedodd"><td><a href="#m8">testLoginThenDelete</a></td><td rowspan="1">1761937870814</td><td rowspan="1">24849</td></tr><tr class="passedodd"><td><a href="#m9">testRegisterUser</a></td><td rowspan="1">1761937843933</td><td rowspan="1">15316</td></tr><tr class="passedodd"><td><a href="#m10">testRegisterUserWithExistingEmail</a></td><td rowspan="1">1761937935953</td><td rowspan="1">3666</td></tr></tbody></table><h2>Surefire test</h2><h3 id="m0">myle.testcases.ProductTest#testProductAllandProductDetail</h3><table class="result"><tr><th>Exception</th></tr><tr><td><div class="stacktrace">org.openqa.selenium.ElementClickInterceptedException: element click intercepted: Element &lt;a href=&quot;/product_details/1&quot; style=&quot;color: brown;&quot;&gt;...&lt;/a&gt; is not clickable at point (541, 621). Other element would receive the click: &lt;iframe id=&quot;aswift_4&quot; name=&quot;aswift_4&quot; browsingtopics=&quot;true&quot; style=&quot;min-height: auto; max-height: none; min-width: auto; max-width: none; width: 1005px !important; height: 124px !important; display: block; margin: 0px auto;&quot; sandbox=&quot;allow-forms allow-popups allow-popups-to-escape-sandbox allow-same-origin allow-scripts allow-top-navigation-by-user-activation&quot; width=&quot;1005&quot; height=&quot;124&quot; frameborder=&quot;0&quot; marginwidth=&quot;0&quot; marginheight=&quot;0&quot; vspace=&quot;0&quot; hspace=&quot;0&quot; allowtransparency=&quot;true&quot; scrolling=&quot;no&quot; allow=&quot;attribution-reporting; run-ad-auction&quot; src=&quot;https://googleads.g.doubleclick.net/pagead/html/r20251029/r20190131/zrt_lookup_fy2021.html#RS-0-&amp;amp;adk=1812271801&amp;amp;client=ca-pub-1677597403311019&amp;amp;fa=1&amp;amp;ifi=5&amp;amp;uci=a!5&amp;amp;btvi=2&quot; data-google-container-id=&quot;a!5&quot; tabindex=&quot;0&quot; title=&quot;Advertisement&quot; aria-label=&quot;Advertisement&quot; data-google-query-id=&quot;CNvpl-yRz5ADFQ9gDwIdLMoRfQ&quot; data-load-complete=&quot;true&quot;&gt;&lt;/iframe&gt;
  (Session info: chrome=141.0.7390.123)
Build info: version: &apos;4.20.0&apos;, revision: &apos;866c76ca80&apos;
System info: os.name: &apos;Windows 10&apos;, os.arch: &apos;amd64&apos;, os.version: &apos;10.0&apos;, java.version: &apos;21.0.8&apos;
Driver info: org.openqa.selenium.chrome.ChromeDriver
Command: [214b51490e5dce3b4da4ba5fe6ee69a5, clickElement {id=f.55A351E08EBE5FC5D23E095EAD506796.d.6DA7813F213C02DD9171B9993CE3782A.e.2246}]
Capabilities {acceptInsecureCerts: false, browserName: chrome, browserVersion: 141.0.7390.123, chrome: {chromedriverVersion: 141.0.7390.122 (b477534e7e1..., userDataDir: C:\Users\DELL\AppData\Local...}, fedcm:accounts: true, goog:chromeOptions: {debuggerAddress: localhost:56500}, networkConnectionEnabled: false, pageLoadStrategy: normal, platformName: windows, proxy: Proxy(), se:cdp: ws://localhost:56500/devtoo..., se:cdpVersion: 141.0.7390.123, setWindowRect: true, strictFileInteractability: false, timeouts: {implicit: 0, pageLoad: 300000, script: 30000}, unhandledPromptBehavior: dismiss and notify, webauthn:extension:credBlob: true, webauthn:extension:largeBlob: true, webauthn:extension:minPinLength: true, webauthn:extension:prf: true, webauthn:virtualAuthenticators: true}
Element: [[[[ChromeDriver: chrome on windows (214b51490e5dce3b4da4ba5fe6ee69a5)] -&gt; css selector: div.product-image-wrapper]] -&gt; css selector: .choose a]
Session ID: 214b51490e5dce3b4da4ba5fe6ee69a5
	at org.openqa.selenium.remote.ErrorCodec.decode(ErrorCodec.java:167)
	at org.openqa.selenium.remote.codec.w3c.W3CHttpResponseCodec.decode(W3CHttpResponseCodec.java:138)
	at org.openqa.selenium.remote.codec.w3c.W3CHttpResponseCodec.decode(W3CHttpResponseCodec.java:50)
	at org.openqa.selenium.remote.HttpCommandExecutor.execute(HttpCommandExecutor.java:190)
	at org.openqa.selenium.remote.service.DriverCommandExecutor.invokeExecute(DriverCommandExecutor.java:216)
	at org.openqa.selenium.remote.service.DriverCommandExecutor.execute(DriverCommandExecutor.java:174)
	at org.openqa.selenium.remote.RemoteWebDriver.execute(RemoteWebDriver.java:518)
	at org.openqa.selenium.remote.RemoteWebElement.execute(RemoteWebElement.java:223)
	at org.openqa.selenium.remote.RemoteWebElement.click(RemoteWebElement.java:76)
	at myle.pages.ProductPage.clickViewFirstProduct(ProductPage.java:97)
	at myle.testcases.ProductTest.testProductAllandProductDetail(ProductTest.java:22)
... Removed 30 stack frames</div></td></tr></table><p class="totop"><a href="#summary">back to summary</a></p><h3 id="m1">myle.testcases.ProductTest#testSearchProduct</h3><table class="result"><tr><th>Exception</th></tr><tr><td><div class="stacktrace">java.lang.AssertionError: expected [true] but found [false]
	at myle.testcases.ProductTest.testSearchProduct(ProductTest.java:43)
... Removed 31 stack frames</div></td></tr></table><p class="totop"><a href="#summary">back to summary</a></p><h3 id="m2">myle.testcases.CartTest#testAddProductInCart</h3><table class="result"></table><p class="totop"><a href="#summary">back to summary</a></p><h3 id="m3">myle.testcases.ContactUsTest#testContactUsForm</h3><table class="result"></table><p class="totop"><a href="#summary">back to summary</a></p><h3 id="m4">myle.testcases.ContactUsTest#testTestCasePage</h3><table class="result"></table><p class="totop"><a href="#summary">back to summary</a></p><h3 id="m5">myle.testcases.HomeTest#verifySubscription</h3><table class="result"></table><p class="totop"><a href="#summary">back to summary</a></p><h3 id="m6">myle.testcases.SignUpTest#testLogOutUser</h3><table class="result"></table><p class="totop"><a href="#summary">back to summary</a></p><h3 id="m7">myle.testcases.SignUpTest#testLoginFail</h3><table class="result"></table><p class="totop"><a href="#summary">back to summary</a></p><h3 id="m8">myle.testcases.SignUpTest#testLoginThenDelete</h3><table class="result"></table><p class="totop"><a href="#summary">back to summary</a></p><h3 id="m9">myle.testcases.SignUpTest#testRegisterUser</h3><table class="result"></table><p class="totop"><a href="#summary">back to summary</a></p><h3 id="m10">myle.testcases.SignUpTest#testRegisterUserWithExistingEmail</h3><table class="result"></table><p class="totop"><a href="#summary">back to summary</a></p></body></html>